react-markdown: 372.05 KB (19.4%)
prism-react-renderer: 149.77 KB (7.81%)
react-dom: 129.98 KB (6.77%)
jszip: 95.3 KB (4.97%)
micromark-core-commonmark: 83.4 KB (4.35%)
react-transition-group: 79.64 KB (4.15%)
react-hotkeys: 77.38 KB (4.03%)
micromark: 39.79 KB (2.07%)
mdast-util-from-markdown: 32.57 KB (1.70%)
property-information: 32.22 KB (1.68%)
mdast-util-to-hast: 30.82 KB (1.61%)
vfile: 25.2 KB (1.31%)
lodash.set: 24.64 KB (1.28%)
js-search: 23.07 KB (1.20%)
lodash.get: 22.85 KB (1.19%)
@babel/runtime: 22.52 KB (1.17%)
react-toastify: 16.92 KB (0.882%)
unified: 14.13 KB (0.737%)
  is-plain-obj: 344 B (2.38%)
  <self>: 13.8 KB (97.6%)
query-string: 11.28 KB (0.588%)
react-body-classname: 11.2 KB (0.583%)
  react: 6.48 KB (57.9%)
  react-side-effect: 3.52 KB (31.5%)
  <self>: 1.19 KB (10.6%)
prismjs: 10.69 KB (0.557%)
mdast-util-definitions: 9.05 KB (0.472%)
  unist-util-visit-parents: 5.37 KB (59.3%)
  unist-util-visit: 2.54 KB (28.0%)
  <self>: 1.14 KB (12.7%)
micromark-util-character: 7.8 KB (0.407%)
react-copy-to-clipboard: 7.33 KB (0.382%)
body-scroll-lock: 6.94 KB (0.362%)
react: 6.94 KB (0.362%)
unist-util-is: 6.53 KB (0.340%)
micromark-util-subtokenize: 6.02 KB (0.314%)
style-loader: 5.75 KB (0.300%)
querystring-es3: 5.06 KB (0.264%)
inline-style-parser: 4.97 KB (0.259%)
vfile-message: 4.37 KB (0.228%)
scheduler: 4.33 KB (0.226%)
unist-util-visit-parents: 4.28 KB (0.223%)
css-loader: 3.52 KB (0.183%)
trough: 3.42 KB (0.178%)
micromark-factory-destination: 3.37 KB (0.176%)
extend: 3.24 KB (0.169%)
copy-to-clipboard: 3.2 KB (0.167%)
micromark-util-combine-extensions: 2.94 KB (0.153%)
micromark-util-sanitize-uri: 2.94 KB (0.153%)
file-saver: 2.68 KB (0.140%)
prop-types: 2.6 KB (0.136%)
remark-rehype: 2.51 KB (0.131%)
micromark-factory-label: 2.41 KB (0.125%)
react-is: 2.4 KB (0.125%)
mdurl: 2.22 KB (0.116%)
decode-uri-component: 2.17 KB (0.113%)
micromark-factory-title: 2.14 KB (0.111%)
object-assign: 2.06 KB (0.107%)
micromark-util-chunked: 1.98 KB (0.103%)
unist-builder: 1.78 KB (0.0929%)
unist-util-visit: 1.66 KB (0.0865%)
dom-helpers: 1.57 KB (0.0819%)
micromark-util-html-tag-name: 1.51 KB (0.0786%)
comma-separated-tokens: 1.37 KB (0.0714%)
mdast-util-to-string: 1.3 KB (0.0676%)
unist-util-stringify-position: 1.26 KB (0.0656%)
decode-named-character-reference: 1.17 KB (0.0608%)
unist-util-position: 1.1 KB (0.0573%)
micromark-util-decode-string: 1.1 KB (0.0573%)
style-to-object: 975 B (0.0496%)
remark-parse: 968 B (0.0493%)
micromark-util-decode-numeric-character-reference: 881 B (0.0448%)
micromark-factory-space: 825 B (0.0420%)
micromark-factory-whitespace: 816 B (0.0415%)
toggle-selection: 780 B (0.0397%)
micromark-util-resolve-all: 736 B (0.0375%)
micromark-util-classify-character: 731 B (0.0372%)
micromark-util-normalize-identifier: 693 B (0.0353%)
unist-util-generated: 669 B (0.0341%)
clsx: 659 B (0.0335%)
micromark-util-encode: 619 B (0.0315%)
space-separated-tokens: 513 B (0.0261%)
hast-util-whitespace: 485 B (0.0247%)
split-on-first: 459 B (0.0234%)
filter-obj: 346 B (0.0176%)
is-buffer: 301 B (0.0153%)
bail: 207 B (0.0105%)
strict-uri-encode: 138 B (0.00702%)
<self>: 462.74 KB (24.1%)
